[06:30:19] [Server thread/INFO]: Starting minecraft server version 1.15.2
[06:30:19] [Server thread/INFO]: Loading properties
[06:30:19] [Server thread/INFO]: This server is running CraftBukkit version git-Spigot-800b93f-8160e29 (MC: 1.15.2) (Implementing API version 1.15.2-R0.1-SNAPSHOT)
[06:30:19] [Server thread/INFO]: Server Ping Player Sample Count: 12
[06:30:19] [Server thread/INFO]: Using 4 threads for Netty based IO
[06:30:19] [Server thread/INFO]: Debug logging is disabled
[06:30:19] [Server thread/INFO]: Default game type: SURVIVAL
[06:30:19] [Server thread/INFO]: Generating keypair
[06:30:20] [Server thread/INFO]: Starting Minecraft server on *:25565
[06:30:20] [Server thread/INFO]: Using epoll channel type
[06:30:20] [Server thread/INFO]: Preparing level "world"
[06:30:20] [Server thread/INFO]: Reloading ResourceManager: Default, bukkit
[06:30:21] [Server thread/INFO]: Loaded 6 recipes
[06:30:22] [Server thread/INFO]: -------- World Settings For [world] --------
[06:30:22] [Server thread/INFO]: Tile Max Tick Time: 50ms Entity max Tick Time: 50ms
[06:30:22] [Server thread/INFO]: Experience Merge Radius: 3.0
[06:30:22] [Server thread/INFO]: Mob Spawn Range: 6
[06:30:22] [Server thread/INFO]: Cactus Growth Modifier: 100%
[06:30:22] [Server thread/INFO]: Cane Growth Modifier: 100%
[06:30:22] [Server thread/INFO]: Melon Growth Modifier: 100%
[06:30:22] [Server thread/INFO]: Mushroom Growth Modifier: 100%
[06:30:22] [Server thread/INFO]: Pumpkin Growth Modifier: 100%
[06:30:22] [Server thread/INFO]: Sapling Growth Modifier: 100%
[06:30:22] [Server thread/INFO]: Beetroot Growth Modifier: 100%
[06:30:22] [Server thread/INFO]: Carrot Growth Modifier: 100%
[06:30:22] [Server thread/INFO]: Potato Growth Modifier: 100%
[06:30:22] [Server thread/INFO]: Wheat Growth Modifier: 100%
[06:30:22] [Server thread/INFO]: NetherWart Growth Modifier: 100%
[06:30:22] [Server thread/INFO]: Vine Growth Modifier: 100%
[06:30:22] [Server thread/INFO]: Cocoa Growth Modifier: 100%
[06:30:22] [Server thread/INFO]: Bamboo Growth Modifier: 100%
[06:30:22] [Server thread/INFO]: SweetBerry Growth Modifier: 100%
[06:30:22] [Server thread/INFO]: Kelp Growth Modifier: 100%
[06:30:22] [Server thread/INFO]: Entity Activation Range: An 32 / Mo 32 / Ra 48 / Mi 16 / Tiv true
[06:30:22] [Server thread/INFO]: Entity Tracking Range: Pl 48 / An 48 / Mo 48 / Mi 32 / Other 64
[06:30:22] [Server thread/INFO]: Hopper Transfer: 8 Hopper Check: 1 Hopper Amount: 1
[06:30:22] [Server thread/INFO]: Custom Map Seeds:  Village: 10387312 Desert: 14357617 Igloo: 14357618 Jungle: 14357619 Swamp: 14357620 Monument: 10387313Ocean: 14357621 Shipwreck: 165745295 Slime: 987234911
[06:30:22] [Server thread/INFO]: Max TNT Explosions: 100
[06:30:22] [Server thread/INFO]: View Distance: 10
[06:30:22] [Server thread/INFO]: Allow Zombie Pigmen to spawn from portal blocks: true
[06:30:22] [Server thread/INFO]: Item Despawn Rate: 6000
[06:30:22] [Server thread/INFO]: Item Merge Radius: 2.5
[06:30:22] [Server thread/INFO]: Arrow Despawn Rate: 1200 Trident Respawn Rate:1200
[06:30:22] [Server thread/INFO]: Zombie Aggressive Towards Villager: true
[06:30:22] [Server thread/INFO]: Nerfing mobs spawned from spawners: false
[06:30:22] [Server thread/INFO]: -------- World Settings For [world_nether] --------
[06:30:22] [Server thread/INFO]: Tile Max Tick Time: 50ms Entity max Tick Time: 50ms
[06:30:22] [Server thread/INFO]: Experience Merge Radius: 3.0
[06:30:22] [Server thread/INFO]: Mob Spawn Range: 6
[06:30:22] [Server thread/INFO]: Cactus Growth Modifier: 100%
[06:30:22] [Server thread/INFO]: Cane Growth Modifier: 100%
[06:30:22] [Server thread/INFO]: Melon Growth Modifier: 100%
[06:30:22] [Server thread/INFO]: Mushroom Growth Modifier: 100%
[06:30:22] [Server thread/INFO]: Pumpkin Growth Modifier: 100%
[06:30:22] [Server thread/INFO]: Sapling Growth Modifier: 100%
[06:30:22] [Server thread/INFO]: Beetroot Growth Modifier: 100%
[06:30:22] [Server thread/INFO]: Carrot Growth Modifier: 100%
[06:30:22] [Server thread/INFO]: Potato Growth Modifier: 100%
[06:30:22] [Server thread/INFO]: Wheat Growth Modifier: 100%
[06:30:22] [Server thread/INFO]: NetherWart Growth Modifier: 100%
[06:30:22] [Server thread/INFO]: Vine Growth Modifier: 100%
[06:30:22] [Server thread/INFO]: Cocoa Growth Modifier: 100%
[06:30:22] [Server thread/INFO]: Bamboo Growth Modifier: 100%
[06:30:22] [Server thread/INFO]: SweetBerry Growth Modifier: 100%
[06:30:22] [Server thread/INFO]: Kelp Growth Modifier: 100%
[06:30:22] [Server thread/INFO]: Entity Activation Range: An 32 / Mo 32 / Ra 48 / Mi 16 / Tiv true
[06:30:22] [Server thread/INFO]: Entity Tracking Range: Pl 48 / An 48 / Mo 48 / Mi 32 / Other 64
[06:30:22] [Server thread/INFO]: Hopper Transfer: 8 Hopper Check: 1 Hopper Amount: 1
[06:30:22] [Server thread/INFO]: Custom Map Seeds:  Village: 10387312 Desert: 14357617 Igloo: 14357618 Jungle: 14357619 Swamp: 14357620 Monument: 10387313Ocean: 14357621 Shipwreck: 165745295 Slime: 987234911
[06:30:22] [Server thread/INFO]: Max TNT Explosions: 100
[06:30:22] [Server thread/INFO]: View Distance: 10
[06:30:22] [Server thread/INFO]: Allow Zombie Pigmen to spawn from portal blocks: true
[06:30:22] [Server thread/INFO]: Item Despawn Rate: 6000
[06:30:22] [Server thread/INFO]: Item Merge Radius: 2.5
[06:30:22] [Server thread/INFO]: Arrow Despawn Rate: 1200 Trident Respawn Rate:1200
[06:30:22] [Server thread/INFO]: Zombie Aggressive Towards Villager: true
[06:30:22] [Server thread/INFO]: Nerfing mobs spawned from spawners: false
[06:30:22] [Server thread/INFO]: -------- World Settings For [world_the_end] --------
[06:30:22] [Server thread/INFO]: Tile Max Tick Time: 50ms Entity max Tick Time: 50ms
[06:30:22] [Server thread/INFO]: Experience Merge Radius: 3.0
[06:30:22] [Server thread/INFO]: Mob Spawn Range: 6
[06:30:22] [Server thread/INFO]: Cactus Growth Modifier: 100%
[06:30:22] [Server thread/INFO]: Cane Growth Modifier: 100%
[06:30:22] [Server thread/INFO]: Melon Growth Modifier: 100%
[06:30:22] [Server thread/INFO]: Mushroom Growth Modifier: 100%
[06:30:22] [Server thread/INFO]: Pumpkin Growth Modifier: 100%
[06:30:22] [Server thread/INFO]: Sapling Growth Modifier: 100%
[06:30:22] [Server thread/INFO]: Beetroot Growth Modifier: 100%
[06:30:22] [Server thread/INFO]: Carrot Growth Modifier: 100%
[06:30:22] [Server thread/INFO]: Potato Growth Modifier: 100%
[06:30:22] [Server thread/INFO]: Wheat Growth Modifier: 100%
[06:30:22] [Server thread/INFO]: NetherWart Growth Modifier: 100%
[06:30:22] [Server thread/INFO]: Vine Growth Modifier: 100%
[06:30:22] [Server thread/INFO]: Cocoa Growth Modifier: 100%
[06:30:22] [Server thread/INFO]: Bamboo Growth Modifier: 100%
[06:30:22] [Server thread/INFO]: SweetBerry Growth Modifier: 100%
[06:30:22] [Server thread/INFO]: Kelp Growth Modifier: 100%
[06:30:22] [Server thread/INFO]: Entity Activation Range: An 32 / Mo 32 / Ra 48 / Mi 16 / Tiv true
[06:30:22] [Server thread/INFO]: Entity Tracking Range: Pl 48 / An 48 / Mo 48 / Mi 32 / Other 64
[06:30:22] [Server thread/INFO]: Hopper Transfer: 8 Hopper Check: 1 Hopper Amount: 1
[06:30:22] [Server thread/INFO]: Custom Map Seeds:  Village: 10387312 Desert: 14357617 Igloo: 14357618 Jungle: 14357619 Swamp: 14357620 Monument: 10387313Ocean: 14357621 Shipwreck: 165745295 Slime: 987234911
[06:30:22] [Server thread/INFO]: Max TNT Explosions: 100
[06:30:22] [Server thread/INFO]: View Distance: 10
[06:30:22] [Server thread/INFO]: Allow Zombie Pigmen to spawn from portal blocks: true
[06:30:22] [Server thread/INFO]: Item Despawn Rate: 6000
[06:30:22] [Server thread/INFO]: Item Merge Radius: 2.5
[06:30:22] [Server thread/INFO]: Arrow Despawn Rate: 1200 Trident Respawn Rate:1200
[06:30:22] [Server thread/INFO]: Zombie Aggressive Towards Villager: true
[06:30:22] [Server thread/INFO]: Nerfing mobs spawned from spawners: false
[06:30:22] [Server thread/INFO]: Preparing start region for dimension 'world'/minecraft:overworld
[06:30:25] [Server thread/INFO]: Preparing spawn area: 0%
[06:30:25] [Server thread/INFO]: Preparing spawn area: 0%
[06:30:25] [Server thread/INFO]: Preparing spawn area: 0%
[06:30:25] [Server thread/INFO]: Preparing spawn area: 0%
[06:30:25] [Server thread/INFO]: Preparing spawn area: 0%
[06:30:25] [Server thread/INFO]: Preparing spawn area: 0%
[06:30:29] [Server-Worker-1/INFO]: Preparing spawn area: 0%
[06:30:29] [Server-Worker-3/INFO]: Preparing spawn area: 0%
[06:30:29] [Server-Worker-3/INFO]: Preparing spawn area: 0%
[06:30:29] [Server-Worker-3/INFO]: Preparing spawn area: 0%
[06:30:29] [Server-Worker-3/INFO]: Preparing spawn area: 0%
[06:30:29] [Server-Worker-3/INFO]: Preparing spawn area: 0%
[06:30:29] [Server-Worker-3/INFO]: Preparing spawn area: 0%
[06:30:29] [Server-Worker-3/INFO]: Preparing spawn area: 0%
[06:30:29] [Server-Worker-3/INFO]: Preparing spawn area: 0%
[06:30:31] [Server thread/INFO]: Preparing spawn area: 6%
[06:30:31] [Server thread/INFO]: Preparing spawn area: 6%
[06:30:33] [Server-Worker-3/INFO]: Preparing spawn area: 99%
[06:30:33] [Server-Worker-3/INFO]: Preparing spawn area: 99%
[06:30:33] [Server-Worker-3/INFO]: Preparing spawn area: 99%
[06:30:33] [Server-Worker-2/INFO]: Preparing spawn area: 99%
[06:30:33] [Server-Worker-2/INFO]: Preparing spawn area: 99%
[06:30:33] [Server thread/INFO]: Time elapsed: 10893 ms
[06:30:33] [Server thread/INFO]: Preparing start region for dimension 'world_nether'/minecraft:the_nether
[06:30:34] [Server thread/INFO]: Preparing spawn area: 0%
[06:30:34] [Server thread/INFO]: Preparing spawn area: 0%
[06:30:34] [Server-Worker-2/INFO]: Preparing spawn area: 83%
[06:30:35] [Server-Worker-1/INFO]: Preparing spawn area: 83%
[06:30:35] [Server-Worker-1/INFO]: Preparing spawn area: 83%
[06:30:36] [Server-Worker-3/INFO]: Preparing spawn area: 94%
[06:30:36] [Server thread/INFO]: Time elapsed: 2725 ms
[06:30:36] [Server thread/INFO]: Preparing start region for dimension 'world_the_end'/minecraft:the_end
[06:30:36] [Server thread/INFO]: Preparing spawn area: 0%
[06:30:36] [Server-Worker-3/INFO]: Preparing spawn area: 6%
[06:30:37] [Server thread/INFO]: Preparing spawn area: 88%
[06:30:37] [Server thread/INFO]: Time elapsed: 1096 ms
[06:30:37] [Server thread/INFO]: Server permissions file permissions.yml is empty, ignoring it
[06:30:37] [Server thread/INFO]: Done (17.182s)! For help, type "help"
[06:30:40] [User Authenticator #1/INFO]: UUID of player hazuki3417 is 3046088e-f57a-4b38-acab-dc240338be14
[06:30:40] [Server thread/INFO]: hazuki3417[/172.18.0.1:40808] logged in with entity id 167 at ([world]-99.74893739444336, 115.7826023136544, -5.430498821223638)
[06:30:51] [Server thread/INFO]: hazuki3417 lost connection: Disconnected
[06:30:51] [Server thread/INFO]: hazuki3417 left the game
[06:31:04] [User Authenticator #2/INFO]: UUID of player hazuki3417 is 3046088e-f57a-4b38-acab-dc240338be14
[06:31:04] [Server thread/INFO]: hazuki3417[/172.18.0.1:40834] logged in with entity id 203 at ([world]-99.74893739444336, 115.7826023136544, -5.430498821223638)
[06:31:06] [Server thread/INFO]: hazuki3417 lost connection: Disconnected
[06:31:06] [Server thread/INFO]: hazuki3417 left the game
